c:\users\pc\downloads\project ds (2)\project ds\project ds\x64\release\vc143.pdb
c:\users\pc\downloads\project ds (2)\project ds\project ds\x64\release\userpreferences.obj
c:\users\pc\downloads\project ds (2)\project ds\project ds\x64\release\updata_port_charges.obj
c:\users\pc\downloads\project ds (2)\project ds\project ds\x64\release\routeutilities.obj
c:\users\pc\downloads\project ds (2)\project ds\project ds\x64\release\priorityqueue.obj
c:\users\pc\downloads\project ds (2)\project ds\project ds\x64\release\portlayout.obj
c:\users\pc\downloads\project ds (2)\project ds\project ds\x64\release\pathfinder.obj
c:\users\pc\downloads\project ds (2)\project ds\project ds\x64\release\math utilities.obj
c:\users\pc\downloads\project ds (2)\project ds\project ds\x64\release\main.obj
c:\users\pc\downloads\project ds (2)\project ds\project ds\x64\release\guirenderer.obj
c:\users\pc\downloads\project ds (2)\project ds\project ds\x64\release\guiinputhandler.obj
c:\users\pc\downloads\project ds (2)\project ds\project ds\x64\release\dockqueue.obj
c:\users\pc\downloads\project ds (2)\project ds\project ds\x64\release\dataloader.obj
c:\users\pc\downloads\project ds (2)\project ds\project ds\x64\release\bookingsystem.obj
c:\users\pc\downloads\project ds (2)\project ds\project ds\x64\release\project ds.ipdb
c:\users\pc\downloads\project ds (2)\project ds\project ds\x64\release\project ds.iobj
c:\users\pc\downloads\project ds (2)\project ds\x64\release\project ds.pdb
c:\users\pc\downloads\project ds (2)\project ds\project ds\x64\release\project ds.tlog\cl.command.1.tlog
c:\users\pc\downloads\project ds (2)\project ds\project ds\x64\release\project ds.tlog\cl.items.tlog
c:\users\pc\downloads\project ds (2)\project ds\project ds\x64\release\project ds.tlog\cl.read.1.tlog
c:\users\pc\downloads\project ds (2)\project ds\project ds\x64\release\project ds.tlog\cl.write.1.tlog
c:\users\pc\downloads\project ds (2)\project ds\project ds\x64\release\project ds.tlog\link.command.1.tlog
c:\users\pc\downloads\project ds (2)\project ds\project ds\x64\release\project ds.tlog\link.read.1.tlog
c:\users\pc\downloads\project ds (2)\project ds\project ds\x64\release\project ds.tlog\link.secondary.1.tlog
c:\users\pc\downloads\project ds (2)\project ds\project ds\x64\release\project ds.tlog\link.write.1.tlog
